  en_sub3d_sub2_sub.c
c:\users\liyang\desktop\bishe\updateencode\trans_qt_encode01\trans_qt_encode\encode\en_sub3d_sub2_sub.c(41): warning C4133: “=”: 从“unsigned char *”到“unsigned int *”的类型不兼容
c:\users\liyang\desktop\bishe\updateencode\trans_qt_encode01\trans_qt_encode\encode\en_sub3d_sub2_sub.c(45): warning C4018: “<”: 有符号/无符号不匹配
c:\users\liyang\desktop\bishe\updateencode\trans_qt_encode01\trans_qt_encode\encode\en_sub3d_sub2_sub.c(90): warning C4018: “<”: 有符号/无符号不匹配
c:\users\liyang\desktop\bishe\updateencode\trans_qt_encode01\trans_qt_encode\encode\en_sub3d_sub2_sub.c(102): warning C4133: “=”: 从“unsigned char *”到“unsigned int *”的类型不兼容
c:\users\liyang\desktop\bishe\updateencode\trans_qt_encode01\trans_qt_encode\encode\en_sub3d_sub2_sub.c(110): warning C4018: “<”: 有符号/无符号不匹配
c:\users\liyang\desktop\bishe\updateencode\trans_qt_encode01\trans_qt_encode\encode\en_sub3d_sub2_sub.c(142): warning C4018: “<”: 有符号/无符号不匹配
c:\users\liyang\desktop\bishe\updateencode\trans_qt_encode01\trans_qt_encode\encode\en_sub3d_sub2_sub.c(200): warning C4018: “<”: 有符号/无符号不匹配
c:\users\liyang\desktop\bishe\updateencode\trans_qt_encode01\trans_qt_encode\encode\en_sub3d_sub2_sub.c(208): warning C4018: “<”: 有符号/无符号不匹配
c:\users\liyang\desktop\bishe\updateencode\trans_qt_encode01\trans_qt_encode\encode\en_sub3d_sub2_sub.c(216): warning C4018: “<”: 有符号/无符号不匹配
c:\users\liyang\desktop\bishe\updateencode\trans_qt_encode01\trans_qt_encode\encode\en_sub3d_sub2_sub.c(229): warning C4133: “=”: 从“unsigned char *”到“unsigned int *”的类型不兼容
c:\users\liyang\desktop\bishe\updateencode\trans_qt_encode01\trans_qt_encode\encode\en_sub3d_sub2_sub.c(233): warning C4018: “<”: 有符号/无符号不匹配
c:\users\liyang\desktop\bishe\updateencode\trans_qt_encode01\trans_qt_encode\encode\en_sub3d_sub2_sub.c(264): warning C4018: “<”: 有符号/无符号不匹配
c:\users\liyang\desktop\bishe\updateencode\trans_qt_encode01\trans_qt_encode\encode\en_sub3d_sub2_sub.c(349): warning C4018: “<”: 有符号/无符号不匹配
c:\users\liyang\desktop\bishe\updateencode\trans_qt_encode01\trans_qt_encode\encode\en_sub3d_sub2_sub.c(357): warning C4018: “<”: 有符号/无符号不匹配
c:\users\liyang\desktop\bishe\updateencode\trans_qt_encode01\trans_qt_encode\encode\en_sub3d_sub2_sub.c(365): warning C4018: “<”: 有符号/无符号不匹配
c:\users\liyang\desktop\bishe\updateencode\trans_qt_encode01\trans_qt_encode\encode\en_sub3d_sub2_sub.c(378): warning C4133: “=”: 从“unsigned char *”到“unsigned int *”的类型不兼容
c:\users\liyang\desktop\bishe\updateencode\trans_qt_encode01\trans_qt_encode\encode\en_sub3d_sub2_sub.c(382): warning C4018: “<”: 有符号/无符号不匹配
c:\users\liyang\desktop\bishe\updateencode\trans_qt_encode01\trans_qt_encode\encode\en_sub3d_sub2_sub.c(413): warning C4018: “<”: 有符号/无符号不匹配
c:\users\liyang\desktop\bishe\updateencode\trans_qt_encode01\trans_qt_encode\encode\en_sub3d_sub2_sub.c(427): warning C4018: “<”: 有符号/无符号不匹配
c:\users\liyang\desktop\bishe\updateencode\trans_qt_encode01\trans_qt_encode\encode\en_sub3d_sub2_sub.c(447): warning C4018: “<”: 有符号/无符号不匹配
c:\users\liyang\desktop\bishe\updateencode\trans_qt_encode01\trans_qt_encode\encode\en_sub3d_sub2_sub.c(626): warning C4018: “<”: 有符号/无符号不匹配
c:\users\liyang\desktop\bishe\updateencode\trans_qt_encode01\trans_qt_encode\encode\en_sub3d_sub2_sub.c(634): warning C4018: “<”: 有符号/无符号不匹配
c:\users\liyang\desktop\bishe\updateencode\trans_qt_encode01\trans_qt_encode\encode\en_sub3d_sub2_sub.c(642): warning C4018: “<”: 有符号/无符号不匹配
c:\users\liyang\desktop\bishe\updateencode\trans_qt_encode01\trans_qt_encode\encode\en_sub3d_sub2_sub.c(655): warning C4133: “=”: 从“unsigned char *”到“unsigned int *”的类型不兼容
c:\users\liyang\desktop\bishe\updateencode\trans_qt_encode01\trans_qt_encode\encode\en_sub3d_sub2_sub.c(659): warning C4018: “<”: 有符号/无符号不匹配
c:\users\liyang\desktop\bishe\updateencode\trans_qt_encode01\trans_qt_encode\encode\en_sub3d_sub2_sub.c(690): warning C4018: “<”: 有符号/无符号不匹配
c:\users\liyang\desktop\bishe\updateencode\trans_qt_encode01\trans_qt_encode\encode\en_sub3d_sub2_sub.c(707): warning C4018: “<”: 有符号/无符号不匹配
c:\users\liyang\desktop\bishe\updateencode\trans_qt_encode01\trans_qt_encode\encode\en_sub3d_sub2_sub.c(717): warning C4018: “<”: 有符号/无符号不匹配
c:\users\liyang\desktop\bishe\updateencode\trans_qt_encode01\trans_qt_encode\encode\en_sub3d_sub2_sub.c(729): warning C4018: “<”: 有符号/无符号不匹配
c:\users\liyang\desktop\bishe\updateencode\trans_qt_encode01\trans_qt_encode\encode\en_sub3d_sub2_sub.c(739): warning C4018: “<”: 有符号/无符号不匹配
c:\users\liyang\desktop\bishe\updateencode\trans_qt_encode01\trans_qt_encode\encode\en_sub3d_sub2_sub.c(929): warning C4018: “<”: 有符号/无符号不匹配
c:\users\liyang\desktop\bishe\updateencode\trans_qt_encode01\trans_qt_encode\encode\en_sub3d_sub2_sub.c(937): warning C4018: “<”: 有符号/无符号不匹配
c:\users\liyang\desktop\bishe\updateencode\trans_qt_encode01\trans_qt_encode\encode\en_sub3d_sub2_sub.c(945): warning C4018: “<”: 有符号/无符号不匹配
c:\users\liyang\desktop\bishe\updateencode\trans_qt_encode01\trans_qt_encode\encode\en_sub3d_sub2_sub.c(958): warning C4133: “=”: 从“unsigned char *”到“unsigned int *”的类型不兼容
c:\users\liyang\desktop\bishe\updateencode\trans_qt_encode01\trans_qt_encode\encode\en_sub3d_sub2_sub.c(962): warning C4018: “<”: 有符号/无符号不匹配
c:\users\liyang\desktop\bishe\updateencode\trans_qt_encode01\trans_qt_encode\encode\en_sub3d_sub2_sub.c(993): warning C4018: “<”: 有符号/无符号不匹配
c:\users\liyang\desktop\bishe\updateencode\trans_qt_encode01\trans_qt_encode\encode\en_sub3d_sub2_sub.c(1004): warning C4018: “<”: 有符号/无符号不匹配
c:\users\liyang\desktop\bishe\updateencode\trans_qt_encode01\trans_qt_encode\encode\en_sub3d_sub2_sub.c(1014): warning C4018: “<”: 有符号/无符号不匹配
c:\users\liyang\desktop\bishe\updateencode\trans_qt_encode01\trans_qt_encode\encode\en_sub3d_sub2_sub.c(1026): warning C4018: “<”: 有符号/无符号不匹配
c:\users\liyang\desktop\bishe\updateencode\trans_qt_encode01\trans_qt_encode\encode\en_sub3d_sub2_sub.c(1036): warning C4018: “<”: 有符号/无符号不匹配
c:\users\liyang\desktop\bishe\updateencode\trans_qt_encode01\trans_qt_encode\encode\en_sub3d_sub2_sub.c(1232): warning C4018: “<”: 有符号/无符号不匹配
c:\users\liyang\desktop\bishe\updateencode\trans_qt_encode01\trans_qt_encode\encode\en_sub3d_sub2_sub.c(1240): warning C4018: “<”: 有符号/无符号不匹配
c:\users\liyang\desktop\bishe\updateencode\trans_qt_encode01\trans_qt_encode\encode\en_sub3d_sub2_sub.c(1248): warning C4018: “<”: 有符号/无符号不匹配
c:\users\liyang\desktop\bishe\updateencode\trans_qt_encode01\trans_qt_encode\encode\en_sub3d_sub2_sub.c(1261): warning C4133: “=”: 从“unsigned char *”到“unsigned int *”的类型不兼容
c:\users\liyang\desktop\bishe\updateencode\trans_qt_encode01\trans_qt_encode\encode\en_sub3d_sub2_sub.c(1265): warning C4018: “<”: 有符号/无符号不匹配
c:\users\liyang\desktop\bishe\updateencode\trans_qt_encode01\trans_qt_encode\encode\en_sub3d_sub2_sub.c(1296): warning C4018: “<”: 有符号/无符号不匹配
c:\users\liyang\desktop\bishe\updateencode\trans_qt_encode01\trans_qt_encode\encode\en_sub3d_sub2_sub.c(1313): warning C4018: “<”: 有符号/无符号不匹配
c:\users\liyang\desktop\bishe\updateencode\trans_qt_encode01\trans_qt_encode\encode\en_sub3d_sub2_sub.c(1323): warning C4018: “<”: 有符号/无符号不匹配
c:\users\liyang\desktop\bishe\updateencode\trans_qt_encode01\trans_qt_encode\encode\en_sub3d_sub2_sub.c(1335): warning C4018: “<”: 有符号/无符号不匹配
c:\users\liyang\desktop\bishe\updateencode\trans_qt_encode01\trans_qt_encode\encode\en_sub3d_sub2_sub.c(1345): warning C4018: “<”: 有符号/无符号不匹配
  main.c
c:\users\liyang\desktop\bishe\updateencode\trans_qt_encode01\trans_qt_encode\main.c(178): warning C4474: scanf_s: 格式字符串中传递的参数太多
  c:\users\liyang\desktop\bishe\updateencode\trans_qt_encode01\trans_qt_encode\main.c(178): note: 占位符和其参数预计 1 可变参数，但提供的却是 2 参数
c:\users\liyang\desktop\bishe\updateencode\trans_qt_encode01\trans_qt_encode\main.c(444): warning C4244: “=”: 从“double”转换到“float”，可能丢失数据
  正在生成代码...
  trans_qt_encode.vcxproj -> C:\Users\liyang\Desktop\BiShe\UpdateEncode\trans_qt_encode01\x64\Debug\trans_qt_encode.exe
