c:\users\liyang\desktop\bishe\updateencode\trans_qt_encode01\trans_qt_encode\x64\debug\vc141.pdb
c:\users\liyang\desktop\bishe\updateencode\trans_qt_encode01\trans_qt_encode\x64\debug\vc141.idb
c:\users\liyang\desktop\bishe\updateencode\trans_qt_encode01\trans_qt_encode\x64\debug\de_2n_code_sub1.obj
c:\users\liyang\desktop\bishe\updateencode\trans_qt_encode01\trans_qt_encode\x64\debug\de_2n_code_sub.obj
c:\users\liyang\desktop\bishe\updateencode\trans_qt_encode01\trans_qt_encode\x64\debug\de_2n_code_new.obj
c:\users\liyang\desktop\bishe\updateencode\trans_qt_encode01\trans_qt_encode\x64\debug\desfcode.obj
c:\users\liyang\desktop\bishe\updateencode\trans_qt_encode01\trans_qt_encode\x64\debug\decode_stationary_source_sumr.obj
c:\users\liyang\desktop\bishe\updateencode\trans_qt_encode01\trans_qt_encode\x64\debug\decode_stationary_source_r_invr.obj
c:\users\liyang\desktop\bishe\updateencode\trans_qt_encode01\trans_qt_encode\x64\debug\decode_stationary_source_nsym_lenr.obj
c:\users\liyang\desktop\bishe\updateencode\trans_qt_encode01\trans_qt_encode\x64\debug\decode_stationary_source_lenr.obj
c:\users\liyang\desktop\bishe\updateencode\trans_qt_encode01\trans_qt_encode\x64\debug\decode_stationary_source_leninvr.obj
c:\users\liyang\desktop\bishe\updateencode\trans_qt_encode01\trans_qt_encode\x64\debug\decode_block5_n1s.obj
c:\users\liyang\desktop\bishe\updateencode\trans_qt_encode01\trans_qt_encode\x64\debug\decode_block5_n0s.obj
c:\users\liyang\desktop\bishe\updateencode\trans_qt_encode01\trans_qt_encode\x64\debug\decode_block5.obj
c:\users\liyang\desktop\bishe\updateencode\trans_qt_encode01\trans_qt_encode\x64\debug\decode_block3_n1s.obj
c:\users\liyang\desktop\bishe\updateencode\trans_qt_encode01\trans_qt_encode\x64\debug\decode_block3_n0s.obj
c:\users\liyang\desktop\bishe\updateencode\trans_qt_encode01\trans_qt_encode\x64\debug\decode_block3.obj
c:\users\liyang\desktop\bishe\updateencode\trans_qt_encode01\trans_qt_encode\x64\debug\cr_test.obj
c:\users\liyang\desktop\bishe\updateencode\trans_qt_encode01\trans_qt_encode\x64\debug\bin_add.obj
c:\users\liyang\desktop\bishe\updateencode\trans_qt_encode01\trans_qt_encode\x64\debug\encode.obj
c:\users\liyang\desktop\bishe\updateencode\trans_qt_encode01\trans_qt_encode\x64\debug\de_sub.obj
c:\users\liyang\desktop\bishe\updateencode\trans_qt_encode01\trans_qt_encode\x64\debug\decode.obj
c:\users\liyang\desktop\bishe\updateencode\trans_qt_encode01\trans_qt_encode\x64\debug\encode_block3.obj
c:\users\liyang\desktop\bishe\updateencode\trans_qt_encode01\trans_qt_encode\x64\debug\de_zone_sub_new.obj
c:\users\liyang\desktop\bishe\updateencode\trans_qt_encode01\trans_qt_encode\x64\debug\de_zone_sub2.obj
c:\users\liyang\desktop\bishe\updateencode\trans_qt_encode01\trans_qt_encode\x64\debug\de_zone_new.obj
c:\users\liyang\desktop\bishe\updateencode\trans_qt_encode01\trans_qt_encode\x64\debug\de_z0_r0.obj
c:\users\liyang\desktop\bishe\updateencode\trans_qt_encode01\trans_qt_encode\x64\debug\de_z0.obj
c:\users\liyang\desktop\bishe\updateencode\trans_qt_encode01\trans_qt_encode\x64\debug\de_sub3d_sub2_sub.obj
c:\users\liyang\desktop\bishe\updateencode\trans_qt_encode01\trans_qt_encode\x64\debug\de_sub3d_sub2.obj
c:\users\liyang\desktop\bishe\updateencode\trans_qt_encode01\trans_qt_encode\x64\debug\de_r_cr.obj
c:\users\liyang\desktop\bishe\updateencode\trans_qt_encode01\trans_qt_encode\x64\debug\de_runs_sep_sub.obj
c:\users\liyang\desktop\bishe\updateencode\trans_qt_encode01\trans_qt_encode\x64\debug\de_runs_2sepsa.obj
c:\users\liyang\desktop\bishe\updateencode\trans_qt_encode01\trans_qt_encode\x64\debug\de_runs_2seps.obj
c:\users\liyang\desktop\bishe\updateencode\trans_qt_encode01\trans_qt_encode\x64\debug\de_runs_1sep.obj
c:\users\liyang\desktop\bishe\updateencode\trans_qt_encode01\trans_qt_encode\x64\debug\de_runs_0seps.obj
c:\users\liyang\desktop\bishe\updateencode\trans_qt_encode01\trans_qt_encode\x64\debug\de_r1.obj
c:\users\liyang\desktop\bishe\updateencode\trans_qt_encode01\trans_qt_encode\x64\debug\de_r0.obj
c:\users\liyang\desktop\bishe\updateencode\trans_qt_encode01\trans_qt_encode\x64\debug\de_kside_new.obj
c:\users\liyang\desktop\bishe\updateencode\trans_qt_encode01\trans_qt_encode\x64\debug\de_ksidesub_n1s.obj
c:\users\liyang\desktop\bishe\updateencode\trans_qt_encode01\trans_qt_encode\x64\debug\de_ksidesub.obj
c:\users\liyang\desktop\bishe\updateencode\trans_qt_encode01\trans_qt_encode\x64\debug\de_kside.obj
c:\users\liyang\desktop\bishe\updateencode\trans_qt_encode01\trans_qt_encode\x64\debug\en_runs_0seps.obj
c:\users\liyang\desktop\bishe\updateencode\trans_qt_encode01\trans_qt_encode\x64\debug\en_r1.obj
c:\users\liyang\desktop\bishe\updateencode\trans_qt_encode01\trans_qt_encode\x64\debug\en_r0.obj
c:\users\liyang\desktop\bishe\updateencode\trans_qt_encode01\trans_qt_encode\x64\debug\en_kside_new.obj
c:\users\liyang\desktop\bishe\updateencode\trans_qt_encode01\trans_qt_encode\x64\debug\en_ksidesub_n1s.obj
c:\users\liyang\desktop\bishe\updateencode\trans_qt_encode01\trans_qt_encode\x64\debug\en_ksidesub.obj
c:\users\liyang\desktop\bishe\updateencode\trans_qt_encode01\trans_qt_encode\x64\debug\en_kside.obj
c:\users\liyang\desktop\bishe\updateencode\trans_qt_encode01\trans_qt_encode\x64\debug\en_2n_code_sub.obj
c:\users\liyang\desktop\bishe\updateencode\trans_qt_encode01\trans_qt_encode\x64\debug\en_2n_code_new.obj
c:\users\liyang\desktop\bishe\updateencode\trans_qt_encode01\trans_qt_encode\x64\debug\encoding.obj
c:\users\liyang\desktop\bishe\updateencode\trans_qt_encode01\trans_qt_encode\x64\debug\encode_stationary_source_r_invr.obj
c:\users\liyang\desktop\bishe\updateencode\trans_qt_encode01\trans_qt_encode\x64\debug\encode_stationary_source_nsym_sub_in_en_kside_new.obj
c:\users\liyang\desktop\bishe\updateencode\trans_qt_encode01\trans_qt_encode\x64\debug\encode_stationary_source_nsym_sub.obj
c:\users\liyang\desktop\bishe\updateencode\trans_qt_encode01\trans_qt_encode\x64\debug\encode_stationary_source_nsym_in_en_kside_new.obj
c:\users\liyang\desktop\bishe\updateencode\trans_qt_encode01\trans_qt_encode\x64\debug\encode_stationary_source_nsym.obj
c:\users\liyang\desktop\bishe\updateencode\trans_qt_encode01\trans_qt_encode\x64\debug\encode_stationary_source_cbook.obj
c:\users\liyang\desktop\bishe\updateencode\trans_qt_encode01\trans_qt_encode\x64\debug\encode_stationary_source_bin.obj
c:\users\liyang\desktop\bishe\updateencode\trans_qt_encode01\trans_qt_encode\x64\debug\encode_block_nrs_lenres.obj
c:\users\liyang\desktop\bishe\updateencode\trans_qt_encode01\trans_qt_encode\x64\debug\encode_block_nrs.obj
c:\users\liyang\desktop\bishe\updateencode\trans_qt_encode01\trans_qt_encode\x64\debug\encode_block5.obj
c:\users\liyang\desktop\bishe\updateencode\trans_qt_encode01\trans_qt_encode\x64\debug\hist_return_len.obj
c:\users\liyang\desktop\bishe\updateencode\trans_qt_encode01\trans_qt_encode\x64\debug\hist.obj
c:\users\liyang\desktop\bishe\updateencode\trans_qt_encode01\trans_qt_encode\x64\debug\golombinv.obj
c:\users\liyang\desktop\bishe\updateencode\trans_qt_encode01\trans_qt_encode\x64\debug\golomb0.obj
c:\users\liyang\desktop\bishe\updateencode\trans_qt_encode01\trans_qt_encode\x64\debug\find_the_idx_round.obj
c:\users\liyang\desktop\bishe\updateencode\trans_qt_encode01\trans_qt_encode\x64\debug\find_thd_idx.obj
c:\users\liyang\desktop\bishe\updateencode\trans_qt_encode01\trans_qt_encode\x64\debug\find_thd4subs.obj
c:\users\liyang\desktop\bishe\updateencode\trans_qt_encode01\trans_qt_encode\x64\debug\find_thd.obj
c:\users\liyang\desktop\bishe\updateencode\trans_qt_encode01\trans_qt_encode\x64\debug\en_zone_sub_new.obj
c:\users\liyang\desktop\bishe\updateencode\trans_qt_encode01\trans_qt_encode\x64\debug\en_zone_sub2.obj
c:\users\liyang\desktop\bishe\updateencode\trans_qt_encode01\trans_qt_encode\x64\debug\en_zone_new.obj
c:\users\liyang\desktop\bishe\updateencode\trans_qt_encode01\trans_qt_encode\x64\debug\en_z0_r0.obj
c:\users\liyang\desktop\bishe\updateencode\trans_qt_encode01\trans_qt_encode\x64\debug\en_z0.obj
c:\users\liyang\desktop\bishe\updateencode\trans_qt_encode01\trans_qt_encode\x64\debug\en_sub3d_sub2_sub.obj
c:\users\liyang\desktop\bishe\updateencode\trans_qt_encode01\trans_qt_encode\x64\debug\en_sub3d_sub2.obj
c:\users\liyang\desktop\bishe\updateencode\trans_qt_encode01\trans_qt_encode\x64\debug\en_r_cr.obj
c:\users\liyang\desktop\bishe\updateencode\trans_qt_encode01\trans_qt_encode\x64\debug\en_runs_sep_sub.obj
c:\users\liyang\desktop\bishe\updateencode\trans_qt_encode01\trans_qt_encode\x64\debug\en_runs_2sepsa.obj
c:\users\liyang\desktop\bishe\updateencode\trans_qt_encode01\trans_qt_encode\x64\debug\en_runs_2seps.obj
c:\users\liyang\desktop\bishe\updateencode\trans_qt_encode01\trans_qt_encode\x64\debug\en_runs_1sep.obj
c:\users\liyang\desktop\bishe\updateencode\trans_qt_encode01\trans_qt_encode\x64\debug\add.obj
c:\users\liyang\desktop\bishe\updateencode\trans_qt_encode01\trans_qt_encode\x64\debug\trim.obj
c:\users\liyang\desktop\bishe\updateencode\trans_qt_encode01\trans_qt_encode\x64\debug\en_sub.obj
c:\users\liyang\desktop\bishe\updateencode\trans_qt_encode01\trans_qt_encode\x64\debug\quant_rest.obj
c:\users\liyang\desktop\bishe\updateencode\trans_qt_encode01\trans_qt_encode\x64\debug\quant_inv.obj
c:\users\liyang\desktop\bishe\updateencode\trans_qt_encode01\trans_qt_encode\x64\debug\main.obj
c:\users\liyang\desktop\bishe\updateencode\trans_qt_encode01\trans_qt_encode\x64\debug\the_index.obj
c:\users\liyang\desktop\bishe\updateencode\trans_qt_encode01\trans_qt_encode\x64\debug\thd_index_inv.obj
c:\users\liyang\desktop\bishe\updateencode\trans_qt_encode01\trans_qt_encode\x64\debug\sumbin.obj
c:\users\liyang\desktop\bishe\updateencode\trans_qt_encode01\trans_qt_encode\x64\debug\sum.obj
c:\users\liyang\desktop\bishe\updateencode\trans_qt_encode01\trans_qt_encode\x64\debug\sfcode.obj
c:\users\liyang\desktop\bishe\updateencode\trans_qt_encode01\trans_qt_encode\x64\debug\separate_inv.obj
c:\users\liyang\desktop\bishe\updateencode\trans_qt_encode01\trans_qt_encode\x64\debug\separate_bversion.obj
c:\users\liyang\desktop\bishe\updateencode\trans_qt_encode01\trans_qt_encode\x64\debug\separate0.obj
c:\users\liyang\desktop\bishe\updateencode\trans_qt_encode01\trans_qt_encode\x64\debug\separate.obj
c:\users\liyang\desktop\bishe\updateencode\trans_qt_encode01\trans_qt_encode\x64\debug\prob_est.obj
c:\users\liyang\desktop\bishe\updateencode\trans_qt_encode01\trans_qt_encode\x64\debug\probility_estimation.obj
c:\users\liyang\desktop\bishe\updateencode\trans_qt_encode01\trans_qt_encode\x64\debug\len_bit_to_byte.obj
c:\users\liyang\desktop\bishe\updateencode\trans_qt_encode01\trans_qt_encode\x64\debug\k_criterion.obj
c:\users\liyang\desktop\bishe\updateencode\trans_qt_encode01\trans_qt_encode\x64\debug\kw_inversion_runs.obj
c:\users\liyang\desktop\bishe\updateencode\trans_qt_encode01\trans_qt_encode\x64\debug\write_en_sub2_sub_data.obj
c:\users\liyang\desktop\bishe\updateencode\trans_qt_encode01\trans_qt_encode\x64\debug\writebintofile.obj
c:\users\liyang\desktop\bishe\updateencode\trans_qt_encode01\trans_qt_encode\x64\debug\scwp8-method2_all_3.obj
c:\users\liyang\desktop\bishe\updateencode\trans_qt_encode01\trans_qt_encode\x64\debug\readyuv.obj
c:\users\liyang\desktop\bishe\updateencode\trans_qt_encode01\trans_qt_encode\x64\debug\test_en_sub3d_sub2.obj
c:\users\liyang\desktop\bishe\updateencode\trans_qt_encode01\trans_qt_encode\x64\debug\modify_hilbert_sub3d.obj
c:\users\liyang\desktop\bishe\updateencode\trans_qt_encode01\trans_qt_encode\x64\debug\modify_hilbert_sub.obj
c:\users\liyang\desktop\bishe\updateencode\trans_qt_encode01\trans_qt_encode\x64\debug\modify_hilbert3d_blockdeformation0.obj
c:\users\liyang\desktop\bishe\updateencode\trans_qt_encode01\trans_qt_encode\x64\debug\modify_hilbert3d.obj
c:\users\liyang\desktop\bishe\updateencode\trans_qt_encode01\trans_qt_encode\x64\debug\modify_hilbert2d.obj
c:\users\liyang\desktop\bishe\updateencode\trans_qt_encode01\trans_qt_encode\x64\debug\hilbert_other.obj
c:\users\liyang\desktop\bishe\updateencode\trans_qt_encode01\trans_qt_encode\x64\debug\find_block.obj
c:\users\liyang\desktop\bishe\updateencode\trans_qt_encode01\trans_qt_encode\x64\debug\write_separate_inv_data.obj
c:\users\liyang\desktop\bishe\updateencode\trans_qt_encode01\trans_qt_encode\x64\debug\write_int_data.obj
c:\users\liyang\desktop\bishe\updateencode\trans_qt_encode01\trans_qt_encode\x64\debug\write_uint_data.obj
c:\users\liyang\desktop\bishe\updateencode\trans_qt_encode01\trans_qt_encode\x64\debug\test_en_sub3d_sub2.obj.enc
c:\users\liyang\desktop\bishe\updateencode\trans_qt_encode01\trans_qt_encode\x64\debug\vc120.idb
c:\users\liyang\desktop\bishe\updateencode\trans_qt_encode01\trans_qt_encode\x64\debug\vc120.pdb
c:\users\liyang\desktop\bishe\updateencode\trans_qt_encode01\x64\debug\trans_qt_encode.pdb
c:\users\liyang\desktop\bishe\updateencode\trans_qt_encode01\x64\debug\trans_qt_encode.exe
c:\users\liyang\desktop\bishe\updateencode\trans_qt_encode01\trans_qt_encode\x64\debug\trans_qt_encode.tlog\cl.command.1.tlog
c:\users\liyang\desktop\bishe\updateencode\trans_qt_encode01\trans_qt_encode\x64\debug\trans_qt_encode.tlog\cl.read.1.tlog
c:\users\liyang\desktop\bishe\updateencode\trans_qt_encode01\trans_qt_encode\x64\debug\trans_qt_encode.tlog\cl.write.1.tlog
c:\users\liyang\desktop\bishe\updateencode\trans_qt_encode01\trans_qt_encode\x64\debug\trans_qt_encode.tlog\link.command.1.tlog
c:\users\liyang\desktop\bishe\updateencode\trans_qt_encode01\trans_qt_encode\x64\debug\trans_qt_encode.tlog\link.delete.1.tlog
c:\users\liyang\desktop\bishe\updateencode\trans_qt_encode01\trans_qt_encode\x64\debug\trans_qt_encode.tlog\link.read.1.tlog
c:\users\liyang\desktop\bishe\updateencode\trans_qt_encode01\trans_qt_encode\x64\debug\trans_qt_encode.tlog\link.write.1.tlog
