  en_sub3d_sub2_sub.c
c:\users\liyang\desktop\bishe\updateencode\trans_qt_encode01\trans_qt_encode\encode\en_sub3d_sub2_sub.c(41): warning C4133: “=”: 从“unsigned char *”到“unsigned int *”的类型不兼容
c:\users\liyang\desktop\bishe\updateencode\trans_qt_encode01\trans_qt_encode\encode\en_sub3d_sub2_sub.c(45): warning C4018: “<”: 有符号/无符号不匹配
c:\users\liyang\desktop\bishe\updateencode\trans_qt_encode01\trans_qt_encode\encode\en_sub3d_sub2_sub.c(90): warning C4018: “<”: 有符号/无符号不匹配
c:\users\liyang\desktop\bishe\updateencode\trans_qt_encode01\trans_qt_encode\encode\en_sub3d_sub2_sub.c(102): warning C4133: “=”: 从“unsigned char *”到“unsigned int *”的类型不兼容
c:\users\liyang\desktop\bishe\updateencode\trans_qt_encode01\trans_qt_encode\encode\en_sub3d_sub2_sub.c(110): warning C4018: “<”: 有符号/无符号不匹配
c:\users\liyang\desktop\bishe\updateencode\trans_qt_encode01\trans_qt_encode\encode\en_sub3d_sub2_sub.c(142): warning C4018: “<”: 有符号/无符号不匹配
c:\users\liyang\desktop\bishe\updateencode\trans_qt_encode01\trans_qt_encode\encode\en_sub3d_sub2_sub.c(200): warning C4018: “<”: 有符号/无符号不匹配
c:\users\liyang\desktop\bishe\updateencode\trans_qt_encode01\trans_qt_encode\encode\en_sub3d_sub2_sub.c(208): warning C4018: “<”: 有符号/无符号不匹配
c:\users\liyang\desktop\bishe\updateencode\trans_qt_encode01\trans_qt_encode\encode\en_sub3d_sub2_sub.c(216): warning C4018: “<”: 有符号/无符号不匹配
c:\users\liyang\desktop\bishe\updateencode\trans_qt_encode01\trans_qt_encode\encode\en_sub3d_sub2_sub.c(229): warning C4133: “=”: 从“unsigned char *”到“unsigned int *”的类型不兼容
c:\users\liyang\desktop\bishe\updateencode\trans_qt_encode01\trans_qt_encode\encode\en_sub3d_sub2_sub.c(233): warning C4018: “<”: 有符号/无符号不匹配
c:\users\liyang\desktop\bishe\updateencode\trans_qt_encode01\trans_qt_encode\encode\en_sub3d_sub2_sub.c(264): warning C4018: “<”: 有符号/无符号不匹配
c:\users\liyang\desktop\bishe\updateencode\trans_qt_encode01\trans_qt_encode\encode\en_sub3d_sub2_sub.c(349): warning C4018: “<”: 有符号/无符号不匹配
c:\users\liyang\desktop\bishe\updateencode\trans_qt_encode01\trans_qt_encode\encode\en_sub3d_sub2_sub.c(357): warning C4018: “<”: 有符号/无符号不匹配
c:\users\liyang\desktop\bishe\updateencode\trans_qt_encode01\trans_qt_encode\encode\en_sub3d_sub2_sub.c(365): warning C4018: “<”: 有符号/无符号不匹配
c:\users\liyang\desktop\bishe\updateencode\trans_qt_encode01\trans_qt_encode\encode\en_sub3d_sub2_sub.c(378): warning C4133: “=”: 从“unsigned char *”到“unsigned int *”的类型不兼容
c:\users\liyang\desktop\bishe\updateencode\trans_qt_encode01\trans_qt_encode\encode\en_sub3d_sub2_sub.c(382): warning C4018: “<”: 有符号/无符号不匹配
c:\users\liyang\desktop\bishe\updateencode\trans_qt_encode01\trans_qt_encode\encode\en_sub3d_sub2_sub.c(413): warning C4018: “<”: 有符号/无符号不匹配
c:\users\liyang\desktop\bishe\updateencode\trans_qt_encode01\trans_qt_encode\encode\en_sub3d_sub2_sub.c(427): warning C4018: “<”: 有符号/无符号不匹配
c:\users\liyang\desktop\bishe\updateencode\trans_qt_encode01\trans_qt_encode\encode\en_sub3d_sub2_sub.c(447): warning C4018: “<”: 有符号/无符号不匹配
c:\users\liyang\desktop\bishe\updateencode\trans_qt_encode01\trans_qt_encode\encode\en_sub3d_sub2_sub.c(626): warning C4018: “<”: 有符号/无符号不匹配
c:\users\liyang\desktop\bishe\updateencode\trans_qt_encode01\trans_qt_encode\encode\en_sub3d_sub2_sub.c(634): warning C4018: “<”: 有符号/无符号不匹配
c:\users\liyang\desktop\bishe\updateencode\trans_qt_encode01\trans_qt_encode\encode\en_sub3d_sub2_sub.c(642): warning C4018: “<”: 有符号/无符号不匹配
c:\users\liyang\desktop\bishe\updateencode\trans_qt_encode01\trans_qt_encode\encode\en_sub3d_sub2_sub.c(655): warning C4133: “=”: 从“unsigned char *”到“unsigned int *”的类型不兼容
c:\users\liyang\desktop\bishe\updateencode\trans_qt_encode01\trans_qt_encode\encode\en_sub3d_sub2_sub.c(659): warning C4018: “<”: 有符号/无符号不匹配
c:\users\liyang\desktop\bishe\updateencode\trans_qt_encode01\trans_qt_encode\encode\en_sub3d_sub2_sub.c(690): warning C4018: “<”: 有符号/无符号不匹配
c:\users\liyang\desktop\bishe\updateencode\trans_qt_encode01\trans_qt_encode\encode\en_sub3d_sub2_sub.c(707): warning C4018: “<”: 有符号/无符号不匹配
c:\users\liyang\desktop\bishe\updateencode\trans_qt_encode01\trans_qt_encode\encode\en_sub3d_sub2_sub.c(717): warning C4018: “<”: 有符号/无符号不匹配
c:\users\liyang\desktop\bishe\updateencode\trans_qt_encode01\trans_qt_encode\encode\en_sub3d_sub2_sub.c(729): warning C4018: “<”: 有符号/无符号不匹配
c:\users\liyang\desktop\bishe\updateencode\trans_qt_encode01\trans_qt_encode\encode\en_sub3d_sub2_sub.c(739): warning C4018: “<”: 有符号/无符号不匹配
c:\users\liyang\desktop\bishe\updateencode\trans_qt_encode01\trans_qt_encode\encode\en_sub3d_sub2_sub.c(931): warning C4018: “<”: 有符号/无符号不匹配
c:\users\liyang\desktop\bishe\updateencode\trans_qt_encode01\trans_qt_encode\encode\en_sub3d_sub2_sub.c(939): warning C4018: “<”: 有符号/无符号不匹配
c:\users\liyang\desktop\bishe\updateencode\trans_qt_encode01\trans_qt_encode\encode\en_sub3d_sub2_sub.c(947): warning C4018: “<”: 有符号/无符号不匹配
c:\users\liyang\desktop\bishe\updateencode\trans_qt_encode01\trans_qt_encode\encode\en_sub3d_sub2_sub.c(960): warning C4133: “=”: 从“unsigned char *”到“unsigned int *”的类型不兼容
c:\users\liyang\desktop\bishe\updateencode\trans_qt_encode01\trans_qt_encode\encode\en_sub3d_sub2_sub.c(964): warning C4018: “<”: 有符号/无符号不匹配
c:\users\liyang\desktop\bishe\updateencode\trans_qt_encode01\trans_qt_encode\encode\en_sub3d_sub2_sub.c(995): warning C4018: “<”: 有符号/无符号不匹配
c:\users\liyang\desktop\bishe\updateencode\trans_qt_encode01\trans_qt_encode\encode\en_sub3d_sub2_sub.c(1006): warning C4018: “<”: 有符号/无符号不匹配
c:\users\liyang\desktop\bishe\updateencode\trans_qt_encode01\trans_qt_encode\encode\en_sub3d_sub2_sub.c(1016): warning C4018: “<”: 有符号/无符号不匹配
c:\users\liyang\desktop\bishe\updateencode\trans_qt_encode01\trans_qt_encode\encode\en_sub3d_sub2_sub.c(1028): warning C4018: “<”: 有符号/无符号不匹配
c:\users\liyang\desktop\bishe\updateencode\trans_qt_encode01\trans_qt_encode\encode\en_sub3d_sub2_sub.c(1038): warning C4018: “<”: 有符号/无符号不匹配
c:\users\liyang\desktop\bishe\updateencode\trans_qt_encode01\trans_qt_encode\encode\en_sub3d_sub2_sub.c(1235): warning C4018: “<”: 有符号/无符号不匹配
c:\users\liyang\desktop\bishe\updateencode\trans_qt_encode01\trans_qt_encode\encode\en_sub3d_sub2_sub.c(1243): warning C4018: “<”: 有符号/无符号不匹配
c:\users\liyang\desktop\bishe\updateencode\trans_qt_encode01\trans_qt_encode\encode\en_sub3d_sub2_sub.c(1251): warning C4018: “<”: 有符号/无符号不匹配
c:\users\liyang\desktop\bishe\updateencode\trans_qt_encode01\trans_qt_encode\encode\en_sub3d_sub2_sub.c(1264): warning C4133: “=”: 从“unsigned char *”到“unsigned int *”的类型不兼容
c:\users\liyang\desktop\bishe\updateencode\trans_qt_encode01\trans_qt_encode\encode\en_sub3d_sub2_sub.c(1268): warning C4018: “<”: 有符号/无符号不匹配
c:\users\liyang\desktop\bishe\updateencode\trans_qt_encode01\trans_qt_encode\encode\en_sub3d_sub2_sub.c(1299): warning C4018: “<”: 有符号/无符号不匹配
c:\users\liyang\desktop\bishe\updateencode\trans_qt_encode01\trans_qt_encode\encode\en_sub3d_sub2_sub.c(1316): warning C4018: “<”: 有符号/无符号不匹配
c:\users\liyang\desktop\bishe\updateencode\trans_qt_encode01\trans_qt_encode\encode\en_sub3d_sub2_sub.c(1326): warning C4018: “<”: 有符号/无符号不匹配
c:\users\liyang\desktop\bishe\updateencode\trans_qt_encode01\trans_qt_encode\encode\en_sub3d_sub2_sub.c(1338): warning C4018: “<”: 有符号/无符号不匹配
c:\users\liyang\desktop\bishe\updateencode\trans_qt_encode01\trans_qt_encode\encode\en_sub3d_sub2_sub.c(1348): warning C4018: “<”: 有符号/无符号不匹配
  main.c
c:\users\liyang\desktop\bishe\updateencode\trans_qt_encode01\trans_qt_encode\main.c(178): warning C4474: scanf_s: 格式字符串中传递的参数太多
  c:\users\liyang\desktop\bishe\updateencode\trans_qt_encode01\trans_qt_encode\main.c(178): note: 占位符和其参数预计 1 可变参数，但提供的却是 2 参数
c:\users\liyang\desktop\bishe\updateencode\trans_qt_encode01\trans_qt_encode\main.c(444): warning C4244: “=”: 从“double”转换到“float”，可能丢失数据
  en_sub.c
c:\users\liyang\desktop\bishe\updateencode\trans_qt_encode01\trans_qt_encode\quant\en_sub.c(144): warning C4244: “=”: 从“int”转换到“float”，可能丢失数据
c:\users\liyang\desktop\bishe\updateencode\trans_qt_encode01\trans_qt_encode\quant\en_sub.c(190): warning C4244: “=”: 从“int”转换到“float”，可能丢失数据
c:\users\liyang\desktop\bishe\updateencode\trans_qt_encode01\trans_qt_encode\quant\en_sub.c(259): warning C4244: “=”: 从“float”转换到“unsigned __int64”，可能丢失数据
c:\users\liyang\desktop\bishe\updateencode\trans_qt_encode01\trans_qt_encode\quant\en_sub.c(303): warning C4244: “=”: 从“unsigned __int64”转换到“unsigned int”，可能丢失数据
c:\users\liyang\desktop\bishe\updateencode\trans_qt_encode01\trans_qt_encode\quant\en_sub.c(315): warning C4244: “=”: 从“unsigned __int64”转换到“unsigned int”，可能丢失数据
c:\users\liyang\desktop\bishe\updateencode\trans_qt_encode01\trans_qt_encode\quant\en_sub.c(327): warning C4244: “=”: 从“unsigned __int64”转换到“int”，可能丢失数据
c:\users\liyang\desktop\bishe\updateencode\trans_qt_encode01\trans_qt_encode\quant\en_sub.c(1705): warning C4244: “=”: 从“float”转换到“int”，可能丢失数据
c:\users\liyang\desktop\bishe\updateencode\trans_qt_encode01\trans_qt_encode\quant\en_sub.c(1724): warning C4244: “=”: 从“float”转换到“int”，可能丢失数据
  test_en_sub3d_sub2.c
c:\users\liyang\desktop\bishe\updateencode\trans_qt_encode01\trans_qt_encode\test_en_sub3d_sub2.c(18): warning C4101: “rem”: 未引用的局部变量
  正在生成代码
  5 of 276 functions ( 1.8%) were compiled, the rest were copied from previous compilation.
    0 functions were new in current compilation
    20 functions had inline decision re-evaluated but remain unchanged
  已完成代码的生成
  trans_qt_encode.vcxproj -> C:\Users\liyang\Desktop\BiShe\UpdateEncode\trans_qt_encode01\x64\Release\trans_qt_encode.exe
